{"C:\\Users\\User\\Desktop\\class-components\\src\\main.tsx": {"path":"C:\\Users\\User\\Desktop\\class-components\\src\\main.tsx","all":false,"statementMap":{"0":{"start":{"line":1,"column":0},"end":{"line":1,"column":46}},"1":{"start":{"line":2,"column":0},"end":{"line":2,"column":50}},"2":{"start":{"line":3,"column":0},"end":{"line":3,"column":44}},"3":{"start":{"line":4,"column":0},"end":{"line":4,"column":21}},"5":{"start":{"line":6,"column":0},"end":{"line":6,"column":88}}},"s":{"0":1,"1":1,"2":1,"3":1,"5":1},"branchMap":{},"b":{},"fnMap":{},"f":{}}
,"C:\\Users\\User\\Desktop\\class-components\\src\\setupTests.tsx": {"path":"C:\\Users\\User\\Desktop\\class-components\\src\\setupTests.tsx","all":false,"statementMap":{"0":{"start":{"line":1,"column":0},"end":{"line":1,"column":35}},"1":{"start":{"line":2,"column":0},"end":{"line":2,"column":49}},"2":{"start":{"line":3,"column":0},"end":{"line":3,"column":32}},"3":{"start":{"line":4,"column":0},"end":{"line":4,"column":42}},"5":{"start":{"line":6,"column":0},"end":{"line":6,"column":17}},"6":{"start":{"line":7,"column":0},"end":{"line":7,"column":12}},"7":{"start":{"line":8,"column":0},"end":{"line":8,"column":3}}},"s":{"0":1,"1":1,"2":1,"3":1,"5":1,"6":44,"7":44},"branchMap":{"0":{"type":"branch","line":6,"loc":{"start":{"line":6,"column":10},"end":{"line":8,"column":3}},"locations":[{"start":{"line":6,"column":10},"end":{"line":8,"column":3}}]}},"b":{"0":[44]},"fnMap":{},"f":{}}
,"C:\\Users\\User\\Desktop\\class-components\\src\\components\\ErrorBoundary\\ErrorBoundary.tsx": {"path":"C:\\Users\\User\\Desktop\\class-components\\src\\components\\ErrorBoundary\\ErrorBoundary.tsx","all":false,"statementMap":{"0":{"start":{"line":1,"column":0},"end":{"line":1,"column":56}},"11":{"start":{"line":12,"column":0},"end":{"line":12,"column":68}},"12":{"start":{"line":13,"column":0},"end":{"line":13,"column":29}},"13":{"start":{"line":14,"column":0},"end":{"line":14,"column":17}},"14":{"start":{"line":15,"column":0},"end":{"line":15,"column":50}},"15":{"start":{"line":16,"column":0},"end":{"line":16,"column":3}},"17":{"start":{"line":18,"column":0},"end":{"line":18,"column":49}},"18":{"start":{"line":19,"column":0},"end":{"line":19,"column":37}},"19":{"start":{"line":20,"column":0},"end":{"line":20,"column":3}},"21":{"start":{"line":22,"column":0},"end":{"line":22,"column":57}},"22":{"start":{"line":23,"column":0},"end":{"line":23,"column":65}},"23":{"start":{"line":24,"column":0},"end":{"line":24,"column":3}},"25":{"start":{"line":26,"column":0},"end":{"line":26,"column":12}},"26":{"start":{"line":27,"column":0},"end":{"line":27,"column":30}},"27":{"start":{"line":28,"column":0},"end":{"line":28,"column":14}},"28":{"start":{"line":29,"column":0},"end":{"line":29,"column":40}},"29":{"start":{"line":30,"column":0},"end":{"line":30,"column":40}},"30":{"start":{"line":31,"column":0},"end":{"line":31,"column":94}},"31":{"start":{"line":32,"column":0},"end":{"line":32,"column":96}},"33":{"start":{"line":34,"column":0},"end":{"line":34,"column":19}},"34":{"start":{"line":35,"column":0},"end":{"line":35,"column":14}},"36":{"start":{"line":37,"column":0},"end":{"line":37,"column":5}},"38":{"start":{"line":39,"column":0},"end":{"line":39,"column":31}},"39":{"start":{"line":40,"column":0},"end":{"line":40,"column":3}},"40":{"start":{"line":41,"column":0},"end":{"line":41,"column":1}}},"s":{"0":1,"11":1,"12":1,"13":10,"14":10,"15":10,"17":1,"18":8,"19":8,"21":1,"22":4,"23":4,"25":1,"26":18,"27":8,"28":8,"29":8,"30":8,"31":8,"33":8,"34":8,"36":8,"38":10,"39":18,"40":1},"branchMap":{"0":{"type":"branch","line":13,"loc":{"start":{"line":13,"column":2},"end":{"line":16,"column":3}},"locations":[{"start":{"line":13,"column":2},"end":{"line":16,"column":3}}]},"1":{"type":"branch","line":18,"loc":{"start":{"line":18,"column":9},"end":{"line":20,"column":3}},"locations":[{"start":{"line":18,"column":9},"end":{"line":20,"column":3}}]},"2":{"type":"branch","line":22,"loc":{"start":{"line":22,"column":2},"end":{"line":24,"column":3}},"locations":[{"start":{"line":22,"column":2},"end":{"line":24,"column":3}}]},"3":{"type":"branch","line":26,"loc":{"start":{"line":26,"column":2},"end":{"line":40,"column":3}},"locations":[{"start":{"line":26,"column":2},"end":{"line":40,"column":3}}]},"4":{"type":"branch","line":27,"loc":{"start":{"line":27,"column":29},"end":{"line":37,"column":5}},"locations":[{"start":{"line":27,"column":29},"end":{"line":37,"column":5}}]},"5":{"type":"branch","line":37,"loc":{"start":{"line":37,"column":4},"end":{"line":39,"column":31}},"locations":[{"start":{"line":37,"column":4},"end":{"line":39,"column":31}}]},"6":{"type":"branch","line":32,"loc":{"start":{"line":32,"column":41},"end":{"line":32,"column":96}},"locations":[{"start":{"line":32,"column":41},"end":{"line":32,"column":96}}]}},"b":{"0":[10],"1":[8],"2":[4],"3":[18],"4":[8],"5":[10],"6":[1]},"fnMap":{"0":{"name":"ErrorBoundary","decl":{"start":{"line":13,"column":2},"end":{"line":16,"column":3}},"loc":{"start":{"line":13,"column":2},"end":{"line":16,"column":3}},"line":13},"1":{"name":"getDerivedStateFromError","decl":{"start":{"line":18,"column":9},"end":{"line":20,"column":3}},"loc":{"start":{"line":18,"column":9},"end":{"line":20,"column":3}},"line":18},"2":{"name":"componentDidCatch","decl":{"start":{"line":22,"column":2},"end":{"line":24,"column":3}},"loc":{"start":{"line":22,"column":2},"end":{"line":24,"column":3}},"line":22},"3":{"name":"render","decl":{"start":{"line":26,"column":2},"end":{"line":40,"column":3}},"loc":{"start":{"line":26,"column":2},"end":{"line":40,"column":3}},"line":26},"4":{"name":"onClick","decl":{"start":{"line":32,"column":41},"end":{"line":32,"column":96}},"loc":{"start":{"line":32,"column":41},"end":{"line":32,"column":96}},"line":32}},"f":{"0":10,"1":8,"2":4,"3":18,"4":1}}
,"C:\\Users\\User\\Desktop\\class-components\\src\\components\\Form\\Form.tsx": {"path":"C:\\Users\\User\\Desktop\\class-components\\src\\components\\Form\\Form.tsx","all":false,"statementMap":{"0":{"start":{"line":1,"column":0},"end":{"line":1,"column":51}},"1":{"start":{"line":2,"column":0},"end":{"line":2,"column":64}},"2":{"start":{"line":3,"column":0},"end":{"line":3,"column":57}},"3":{"start":{"line":4,"column":0},"end":{"line":4,"column":60}},"4":{"start":{"line":5,"column":0},"end":{"line":5,"column":20}},"6":{"start":{"line":7,"column":0},"end":{"line":7,"column":53}},"7":{"start":{"line":8,"column":0},"end":{"line":8,"column":74}},"8":{"start":{"line":9,"column":0},"end":{"line":9,"column":40}},"9":{"start":{"line":10,"column":0},"end":{"line":10,"column":82}},"11":{"start":{"line":12,"column":0},"end":{"line":12,"column":34}},"12":{"start":{"line":13,"column":0},"end":{"line":13,"column":23}},"13":{"start":{"line":14,"column":0},"end":{"line":14,"column":19}},"14":{"start":{"line":15,"column":0},"end":{"line":15,"column":61}},"16":{"start":{"line":17,"column":0},"end":{"line":17,"column":86}},"17":{"start":{"line":18,"column":0},"end":{"line":18,"column":98}},"19":{"start":{"line":20,"column":0},"end":{"line":20,"column":32}},"20":{"start":{"line":21,"column":0},"end":{"line":21,"column":60}},"21":{"start":{"line":22,"column":0},"end":{"line":22,"column":33}},"23":{"start":{"line":24,"column":0},"end":{"line":24,"column":66}},"25":{"start":{"line":26,"column":0},"end":{"line":26,"column":81}},"26":{"start":{"line":27,"column":0},"end":{"line":27,"column":80}},"27":{"start":{"line":28,"column":0},"end":{"line":28,"column":53}},"29":{"start":{"line":30,"column":0},"end":{"line":30,"column":38}},"39":{"start":{"line":40,"column":0},"end":{"line":40,"column":6}},"40":{"start":{"line":41,"column":0},"end":{"line":41,"column":13}},"41":{"start":{"line":42,"column":0},"end":{"line":42,"column":18}},"42":{"start":{"line":43,"column":0},"end":{"line":43,"column":16}},"43":{"start":{"line":44,"column":0},"end":{"line":44,"column":24}},"44":{"start":{"line":45,"column":0},"end":{"line":45,"column":17}},"45":{"start":{"line":46,"column":0},"end":{"line":46,"column":28}},"46":{"start":{"line":47,"column":0},"end":{"line":47,"column":36}},"47":{"start":{"line":48,"column":0},"end":{"line":48,"column":18}},"48":{"start":{"line":49,"column":0},"end":{"line":49,"column":6}},"49":{"start":{"line":50,"column":0},"end":{"line":50,"column":5}},"51":{"start":{"line":52,"column":0},"end":{"line":52,"column":27}},"52":{"start":{"line":53,"column":0},"end":{"line":53,"column":15}},"53":{"start":{"line":54,"column":0},"end":{"line":54,"column":35}},"54":{"start":{"line":55,"column":0},"end":{"line":55,"column":34}},"55":{"start":{"line":56,"column":0},"end":{"line":56,"column":8}},"56":{"start":{"line":57,"column":0},"end":{"line":57,"column":9}},"57":{"start":{"line":58,"column":0},"end":{"line":58,"column":55}},"59":{"start":{"line":60,"column":0},"end":{"line":60,"column":72}},"60":{"start":{"line":61,"column":0},"end":{"line":61,"column":40}},"62":{"start":{"line":63,"column":0},"end":{"line":63,"column":71}},"64":{"start":{"line":65,"column":0},"end":{"line":65,"column":82}},"66":{"start":{"line":67,"column":0},"end":{"line":67,"column":66}},"67":{"start":{"line":68,"column":0},"end":{"line":68,"column":42}},"68":{"start":{"line":69,"column":0},"end":{"line":69,"column":46}},"69":{"start":{"line":70,"column":0},"end":{"line":70,"column":9}},"71":{"start":{"line":72,"column":0},"end":{"line":72,"column":61}},"73":{"start":{"line":74,"column":0},"end":{"line":74,"column":40}},"74":{"start":{"line":75,"column":0},"end":{"line":75,"column":35}},"75":{"start":{"line":76,"column":0},"end":{"line":76,"column":81}},"76":{"start":{"line":77,"column":0},"end":{"line":77,"column":11}},"77":{"start":{"line":78,"column":0},"end":{"line":78,"column":22}},"79":{"start":{"line":80,"column":0},"end":{"line":80,"column":27}},"80":{"start":{"line":81,"column":0},"end":{"line":81,"column":16}},"81":{"start":{"line":82,"column":0},"end":{"line":82,"column":20}},"82":{"start":{"line":83,"column":0},"end":{"line":83,"column":34}},"83":{"start":{"line":84,"column":0},"end":{"line":84,"column":64}},"84":{"start":{"line":85,"column":0},"end":{"line":85,"column":20}},"85":{"start":{"line":86,"column":0},"end":{"line":86,"column":23}},"86":{"start":{"line":87,"column":0},"end":{"line":87,"column":10}},"87":{"start":{"line":88,"column":0},"end":{"line":88,"column":19}},"88":{"start":{"line":89,"column":0},"end":{"line":89,"column":25}},"89":{"start":{"line":90,"column":0},"end":{"line":90,"column":27}},"90":{"start":{"line":91,"column":0},"end":{"line":91,"column":16}},"91":{"start":{"line":92,"column":0},"end":{"line":92,"column":46}},"92":{"start":{"line":93,"column":0},"end":{"line":93,"column":23}},"93":{"start":{"line":94,"column":0},"end":{"line":94,"column":10}},"94":{"start":{"line":95,"column":0},"end":{"line":95,"column":5}},"95":{"start":{"line":96,"column":0},"end":{"line":96,"column":4}},"97":{"start":{"line":98,"column":0},"end":{"line":98,"column":19}},"98":{"start":{"line":99,"column":0},"end":{"line":99,"column":80}},"99":{"start":{"line":100,"column":0},"end":{"line":100,"column":44}},"101":{"start":{"line":102,"column":0},"end":{"line":102,"column":19}},"102":{"start":{"line":103,"column":0},"end":{"line":103,"column":63}},"103":{"start":{"line":104,"column":0},"end":{"line":104,"column":41}},"105":{"start":{"line":106,"column":0},"end":{"line":106,"column":53}},"106":{"start":{"line":107,"column":0},"end":{"line":107,"column":44}},"108":{"start":{"line":109,"column":0},"end":{"line":109,"column":47}},"109":{"start":{"line":110,"column":0},"end":{"line":110,"column":61}},"111":{"start":{"line":112,"column":0},"end":{"line":112,"column":19}},"112":{"start":{"line":113,"column":0},"end":{"line":113,"column":63}},"113":{"start":{"line":114,"column":0},"end":{"line":114,"column":71}},"114":{"start":{"line":115,"column":0},"end":{"line":115,"column":46}},"116":{"start":{"line":117,"column":0},"end":{"line":117,"column":45}},"117":{"start":{"line":118,"column":0},"end":{"line":118,"column":27}},"118":{"start":{"line":119,"column":0},"end":{"line":119,"column":16}},"119":{"start":{"line":120,"column":0},"end":{"line":120,"column":51}},"120":{"start":{"line":121,"column":0},"end":{"line":121,"column":10}},"121":{"start":{"line":122,"column":0},"end":{"line":122,"column":5}},"122":{"start":{"line":123,"column":0},"end":{"line":123,"column":21}},"124":{"start":{"line":125,"column":0},"end":{"line":125,"column":73}},"125":{"start":{"line":126,"column":0},"end":{"line":126,"column":34}},"126":{"start":{"line":127,"column":0},"end":{"line":127,"column":4}},"128":{"start":{"line":129,"column":0},"end":{"line":129,"column":65}},"129":{"start":{"line":130,"column":0},"end":{"line":130,"column":23}},"130":{"start":{"line":131,"column":0},"end":{"line":131,"column":63}},"131":{"start":{"line":132,"column":0},"end":{"line":132,"column":41}},"133":{"start":{"line":134,"column":0},"end":{"line":134,"column":53}},"134":{"start":{"line":135,"column":0},"end":{"line":135,"column":44}},"136":{"start":{"line":137,"column":0},"end":{"line":137,"column":80}},"137":{"start":{"line":138,"column":0},"end":{"line":138,"column":63}},"138":{"start":{"line":139,"column":0},"end":{"line":139,"column":4}},"140":{"start":{"line":141,"column":0},"end":{"line":141,"column":51}},"141":{"start":{"line":142,"column":0},"end":{"line":142,"column":45}},"142":{"start":{"line":143,"column":0},"end":{"line":143,"column":41}},"144":{"start":{"line":145,"column":0},"end":{"line":145,"column":53}},"145":{"start":{"line":146,"column":0},"end":{"line":146,"column":40}},"147":{"start":{"line":148,"column":0},"end":{"line":148,"column":59}},"149":{"start":{"line":150,"column":0},"end":{"line":150,"column":25}},"150":{"start":{"line":151,"column":0},"end":{"line":151,"column":14}},"151":{"start":{"line":152,"column":0},"end":{"line":152,"column":60}},"152":{"start":{"line":153,"column":0},"end":{"line":153,"column":8}},"153":{"start":{"line":154,"column":0},"end":{"line":154,"column":4}},"155":{"start":{"line":156,"column":0},"end":{"line":156,"column":48}},"156":{"start":{"line":157,"column":0},"end":{"line":157,"column":63}},"157":{"start":{"line":158,"column":0},"end":{"line":158,"column":41}},"159":{"start":{"line":160,"column":0},"end":{"line":160,"column":53}},"160":{"start":{"line":161,"column":0},"end":{"line":161,"column":44}},"162":{"start":{"line":163,"column":0},"end":{"line":163,"column":58}},"163":{"start":{"line":164,"column":0},"end":{"line":164,"column":4}},"165":{"start":{"line":166,"column":0},"end":{"line":166,"column":52}},"167":{"start":{"line":168,"column":0},"end":{"line":168,"column":10}},"168":{"start":{"line":169,"column":0},"end":{"line":169,"column":58}},"169":{"start":{"line":170,"column":0},"end":{"line":170,"column":35}},"170":{"start":{"line":171,"column":0},"end":{"line":171,"column":20}},"171":{"start":{"line":172,"column":0},"end":{"line":172,"column":39}},"172":{"start":{"line":173,"column":0},"end":{"line":173,"column":28}},"173":{"start":{"line":174,"column":0},"end":{"line":174,"column":38}},"174":{"start":{"line":175,"column":0},"end":{"line":175,"column":10}},"175":{"start":{"line":176,"column":0},"end":{"line":176,"column":45}},"176":{"start":{"line":177,"column":0},"end":{"line":177,"column":12}},"178":{"start":{"line":179,"column":0},"end":{"line":179,"column":36}},"179":{"start":{"line":180,"column":0},"end":{"line":180,"column":25}},"180":{"start":{"line":181,"column":0},"end":{"line":181,"column":49}},"182":{"start":{"line":183,"column":0},"end":{"line":183,"column":15}},"184":{"start":{"line":185,"column":0},"end":{"line":185,"column":20}},"185":{"start":{"line":186,"column":0},"end":{"line":186,"column":27}},"186":{"start":{"line":187,"column":0},"end":{"line":187,"column":21}},"187":{"start":{"line":188,"column":0},"end":{"line":188,"column":37}},"188":{"start":{"line":189,"column":0},"end":{"line":189,"column":26}},"189":{"start":{"line":190,"column":0},"end":{"line":190,"column":16}},"190":{"start":{"line":191,"column":0},"end":{"line":191,"column":42}},"191":{"start":{"line":192,"column":0},"end":{"line":192,"column":12}},"192":{"start":{"line":193,"column":0},"end":{"line":193,"column":90}},"193":{"start":{"line":194,"column":0},"end":{"line":194,"column":96}},"194":{"start":{"line":195,"column":0},"end":{"line":195,"column":13}},"196":{"start":{"line":197,"column":0},"end":{"line":197,"column":38}},"197":{"start":{"line":198,"column":0},"end":{"line":198,"column":36}},"198":{"start":{"line":199,"column":0},"end":{"line":199,"column":16}},"200":{"start":{"line":201,"column":0},"end":{"line":201,"column":12}},"201":{"start":{"line":202,"column":0},"end":{"line":202,"column":11}},"203":{"start":{"line":204,"column":0},"end":{"line":204,"column":1}}},"s":{"0":1,"1":1,"2":1,"3":1,"4":1,"6":1,"7":1,"8":1,"9":1,"11":1,"12":1,"13":1,"14":1,"16":1,"17":1,"19":8,"20":8,"21":8,"23":8,"25":8,"26":8,"27":8,"29":8,"39":8,"40":8,"41":8,"42":8,"43":8,"44":8,"45":8,"46":8,"47":8,"48":8,"49":8,"51":8,"52":2,"53":2,"54":2,"55":2,"56":2,"57":2,"59":2,"60":2,"62":0,"64":0,"66":0,"67":0,"68":0,"69":0,"71":0,"73":0,"74":0,"75":0,"76":0,"77":0,"79":2,"80":0,"81":0,"82":0,"83":0,"84":0,"85":0,"86":2,"87":2,"88":0,"89":0,"90":0,"91":0,"92":0,"93":0,"94":0,"95":2,"97":8,"98":2,"99":8,"101":8,"102":4,"103":4,"105":4,"106":4,"108":4,"109":8,"111":8,"112":4,"113":4,"114":4,"116":4,"117":0,"118":0,"119":0,"120":0,"121":0,"122":8,"124":8,"125":0,"126":0,"128":8,"129":0,"130":0,"131":0,"133":0,"134":0,"136":0,"137":0,"138":0,"140":8,"141":0,"142":0,"144":0,"145":0,"147":0,"149":0,"150":0,"151":0,"152":0,"153":0,"155":8,"156":0,"157":0,"159":0,"160":0,"162":0,"163":0,"165":8,"167":8,"168":8,"169":8,"170":8,"171":8,"172":8,"173":8,"174":8,"175":8,"176":8,"178":8,"179":8,"180":8,"182":8,"184":8,"185":8,"186":0,"187":0,"188":0,"189":0,"190":0,"191":0,"192":0,"193":0,"194":0,"196":0,"197":0,"198":0,"200":8,"201":8,"203":8},"branchMap":{"0":{"type":"branch","line":17,"loc":{"start":{"line":17,"column":24},"end":{"line":17,"column":86}},"locations":[{"start":{"line":17,"column":24},"end":{"line":17,"column":86}}]},"1":{"type":"branch","line":18,"loc":{"start":{"line":18,"column":22},"end":{"line":18,"column":98}},"locations":[{"start":{"line":18,"column":22},"end":{"line":18,"column":98}}]},"2":{"type":"branch","line":20,"loc":{"start":{"line":20,"column":0},"end":{"line":204,"column":1}},"locations":[{"start":{"line":20,"column":0},"end":{"line":204,"column":1}}]},"3":{"type":"branch","line":26,"loc":{"start":{"line":26,"column":50},"end":{"line":26,"column":77}},"locations":[{"start":{"line":26,"column":50},"end":{"line":26,"column":77}}]},"4":{"type":"branch","line":27,"loc":{"start":{"line":27,"column":50},"end":{"line":27,"column":72}},"locations":[{"start":{"line":27,"column":50},"end":{"line":27,"column":72}}]},"5":{"type":"branch","line":186,"loc":{"start":{"line":186,"column":23},"end":{"line":199,"column":16}},"locations":[{"start":{"line":186,"column":23},"end":{"line":199,"column":16}}]},"6":{"type":"branch","line":52,"loc":{"start":{"line":52,"column":20},"end":{"line":96,"column":4}},"locations":[{"start":{"line":52,"column":20},"end":{"line":96,"column":4}}]},"7":{"type":"branch","line":61,"loc":{"start":{"line":61,"column":38},"end":{"line":77,"column":11}},"locations":[{"start":{"line":61,"column":38},"end":{"line":77,"column":11}}]},"8":{"type":"branch","line":77,"loc":{"start":{"line":77,"column":10},"end":{"line":78,"column":22}},"locations":[{"start":{"line":77,"column":10},"end":{"line":78,"column":22}}]},"9":{"type":"branch","line":88,"loc":{"start":{"line":88,"column":4},"end":{"line":95,"column":5}},"locations":[{"start":{"line":88,"column":4},"end":{"line":95,"column":5}}]},"10":{"type":"branch","line":58,"loc":{"start":{"line":58,"column":15},"end":{"line":58,"column":53}},"locations":[{"start":{"line":58,"column":15},"end":{"line":58,"column":53}}]},"11":{"type":"branch","line":98,"loc":{"start":{"line":98,"column":12},"end":{"line":100,"column":5}},"locations":[{"start":{"line":98,"column":12},"end":{"line":100,"column":5}}]},"12":{"type":"branch","line":102,"loc":{"start":{"line":102,"column":12},"end":{"line":110,"column":5}},"locations":[{"start":{"line":102,"column":12},"end":{"line":110,"column":5}}]},"13":{"type":"branch","line":106,"loc":{"start":{"line":106,"column":20},"end":{"line":106,"column":53}},"locations":[{"start":{"line":106,"column":20},"end":{"line":106,"column":53}}]},"14":{"type":"branch","line":112,"loc":{"start":{"line":112,"column":12},"end":{"line":123,"column":5}},"locations":[{"start":{"line":112,"column":12},"end":{"line":123,"column":5}}]},"15":{"type":"branch","line":113,"loc":{"start":{"line":113,"column":49},"end":{"line":113,"column":59}},"locations":[{"start":{"line":113,"column":49},"end":{"line":113,"column":59}}]},"16":{"type":"branch","line":114,"loc":{"start":{"line":114,"column":44},"end":{"line":114,"column":66}},"locations":[{"start":{"line":114,"column":44},"end":{"line":114,"column":66}}]},"17":{"type":"branch","line":117,"loc":{"start":{"line":117,"column":44},"end":{"line":122,"column":5}},"locations":[{"start":{"line":117,"column":44},"end":{"line":122,"column":5}}]}},"b":{"0":[12],"1":[4],"2":[8],"3":[4],"4":[0],"5":[0],"6":[2],"7":[0],"8":[0],"9":[0],"10":[2],"11":[2],"12":[4],"13":[0],"14":[4],"15":[2],"16":[0],"17":[0]},"fnMap":{"0":{"name":"calculateOffset","decl":{"start":{"line":17,"column":24},"end":{"line":17,"column":86}},"loc":{"start":{"line":17,"column":24},"end":{"line":17,"column":86}},"line":17},"1":{"name":"calculatePage","decl":{"start":{"line":18,"column":22},"end":{"line":18,"column":98}},"loc":{"start":{"line":18,"column":22},"end":{"line":18,"column":98}},"line":18},"2":{"name":"Form","decl":{"start":{"line":20,"column":0},"end":{"line":204,"column":1}},"loc":{"start":{"line":20,"column":0},"end":{"line":204,"column":1}},"line":20},"3":{"name":"fetchData","decl":{"start":{"line":52,"column":20},"end":{"line":96,"column":4}},"loc":{"start":{"line":52,"column":20},"end":{"line":96,"column":4}},"line":52},"4":{"name":"handleInputChange","decl":{"start":{"line":125,"column":28},"end":{"line":127,"column":4}},"loc":{"start":{"line":125,"column":28},"end":{"line":127,"column":4}},"line":125},"5":{"name":"handleSearch","decl":{"start":{"line":129,"column":23},"end":{"line":139,"column":4}},"loc":{"start":{"line":129,"column":23},"end":{"line":139,"column":4}},"line":129},"6":{"name":"handlePageChange","decl":{"start":{"line":141,"column":27},"end":{"line":154,"column":4}},"loc":{"start":{"line":141,"column":27},"end":{"line":154,"column":4}},"line":141},"7":{"name":"handlePokemonClick","decl":{"start":{"line":156,"column":29},"end":{"line":164,"column":4}},"loc":{"start":{"line":156,"column":29},"end":{"line":164,"column":4}},"line":156}},"f":{"0":12,"1":4,"2":8,"3":2,"4":0,"5":0,"6":0,"7":0}}
,"C:\\Users\\User\\Desktop\\class-components\\src\\components\\Form\\index.tsx": {"path":"C:\\Users\\User\\Desktop\\class-components\\src\\components\\Form\\index.tsx","all":false,"statementMap":{"0":{"start":{"line":1,"column":0},"end":{"line":1,"column":26}},"1":{"start":{"line":2,"column":0},"end":{"line":2,"column":38}},"3":{"start":{"line":4,"column":0},"end":{"line":4,"column":32}}},"s":{"0":1,"1":1,"3":1},"branchMap":{},"b":{},"fnMap":{},"f":{}}
,"C:\\Users\\User\\Desktop\\class-components\\src\\components\\Form\\withRouter.tsx": {"path":"C:\\Users\\User\\Desktop\\class-components\\src\\components\\Form\\withRouter.tsx","all":false,"statementMap":{"0":{"start":{"line":1,"column":0},"end":{"line":1,"column":64}},"8":{"start":{"line":9,"column":0},"end":{"line":9,"column":77}},"9":{"start":{"line":10,"column":0},"end":{"line":10,"column":59}},"10":{"start":{"line":11,"column":0},"end":{"line":11,"column":35}},"11":{"start":{"line":12,"column":0},"end":{"line":12,"column":45}},"13":{"start":{"line":14,"column":0},"end":{"line":14,"column":44}},"14":{"start":{"line":15,"column":0},"end":{"line":15,"column":26}},"15":{"start":{"line":16,"column":0},"end":{"line":16,"column":6}},"17":{"start":{"line":18,"column":0},"end":{"line":18,"column":95}},"18":{"start":{"line":19,"column":0},"end":{"line":19,"column":4}},"19":{"start":{"line":20,"column":0},"end":{"line":20,"column":1}},"21":{"start":{"line":22,"column":0},"end":{"line":22,"column":26}}},"s":{"0":1,"8":2,"9":2,"10":6,"11":6,"13":6,"14":0,"15":0,"17":6,"18":6,"19":2,"21":1},"branchMap":{"0":{"type":"branch","line":9,"loc":{"start":{"line":9,"column":0},"end":{"line":20,"column":1}},"locations":[{"start":{"line":9,"column":0},"end":{"line":20,"column":1}}]},"1":{"type":"branch","line":10,"loc":{"start":{"line":10,"column":9},"end":{"line":19,"column":4}},"locations":[{"start":{"line":10,"column":9},"end":{"line":19,"column":4}}]}},"b":{"0":[2],"1":[6]},"fnMap":{"0":{"name":"withRouter","decl":{"start":{"line":9,"column":0},"end":{"line":20,"column":1}},"loc":{"start":{"line":9,"column":0},"end":{"line":20,"column":1}},"line":9},"1":{"name":"safeNavigate","decl":{"start":{"line":14,"column":25},"end":{"line":16,"column":6}},"loc":{"start":{"line":14,"column":25},"end":{"line":16,"column":6}},"line":14}},"f":{"0":2,"1":0}}
,"C:\\Users\\User\\Desktop\\class-components\\src\\components\\PaginationControls\\PaginationControls.tsx": {"path":"C:\\Users\\User\\Desktop\\class-components\\src\\components\\PaginationControls\\PaginationControls.tsx","all":false,"statementMap":{"9":{"start":{"line":10,"column":0},"end":{"line":10,"column":99}},"10":{"start":{"line":11,"column":0},"end":{"line":11,"column":46}},"12":{"start":{"line":13,"column":0},"end":{"line":13,"column":28}},"13":{"start":{"line":14,"column":0},"end":{"line":14,"column":30}},"14":{"start":{"line":15,"column":0},"end":{"line":15,"column":35}},"15":{"start":{"line":16,"column":0},"end":{"line":16,"column":5}},"16":{"start":{"line":17,"column":0},"end":{"line":17,"column":4}},"18":{"start":{"line":19,"column":0},"end":{"line":19,"column":28}},"19":{"start":{"line":20,"column":0},"end":{"line":20,"column":51}},"20":{"start":{"line":21,"column":0},"end":{"line":21,"column":35}},"21":{"start":{"line":22,"column":0},"end":{"line":22,"column":5}},"22":{"start":{"line":23,"column":0},"end":{"line":23,"column":4}},"24":{"start":{"line":25,"column":0},"end":{"line":25,"column":53}},"25":{"start":{"line":26,"column":0},"end":{"line":26,"column":70}},"27":{"start":{"line":28,"column":0},"end":{"line":28,"column":10}},"28":{"start":{"line":29,"column":0},"end":{"line":29,"column":41}},"29":{"start":{"line":30,"column":0},"end":{"line":30,"column":73}},"31":{"start":{"line":32,"column":0},"end":{"line":32,"column":15}},"32":{"start":{"line":33,"column":0},"end":{"line":33,"column":12}},"33":{"start":{"line":34,"column":0},"end":{"line":34,"column":74}},"34":{"start":{"line":35,"column":0},"end":{"line":35,"column":13}},"35":{"start":{"line":36,"column":0},"end":{"line":36,"column":13}},"36":{"start":{"line":37,"column":0},"end":{"line":37,"column":21}},"37":{"start":{"line":38,"column":0},"end":{"line":38,"column":28}},"38":{"start":{"line":39,"column":0},"end":{"line":39,"column":60}},"39":{"start":{"line":40,"column":0},"end":{"line":40,"column":7}},"41":{"start":{"line":42,"column":0},"end":{"line":42,"column":15}},"42":{"start":{"line":43,"column":0},"end":{"line":43,"column":10}},"44":{"start":{"line":45,"column":0},"end":{"line":45,"column":1}}},"s":{"9":10,"10":10,"12":10,"13":1,"14":1,"15":1,"16":1,"18":10,"19":1,"20":1,"21":1,"22":1,"24":10,"25":10,"27":10,"28":10,"29":10,"31":10,"32":10,"33":10,"34":10,"35":10,"36":10,"37":10,"38":10,"39":10,"41":10,"42":10,"44":10},"branchMap":{"0":{"type":"branch","line":10,"loc":{"start":{"line":10,"column":0},"end":{"line":45,"column":1}},"locations":[{"start":{"line":10,"column":0},"end":{"line":45,"column":1}}]},"1":{"type":"branch","line":26,"loc":{"start":{"line":26,"column":31},"end":{"line":26,"column":65}},"locations":[{"start":{"line":26,"column":31},"end":{"line":26,"column":65}}]},"2":{"type":"branch","line":26,"loc":{"start":{"line":26,"column":61},"end":{"line":26,"column":70}},"locations":[{"start":{"line":26,"column":61},"end":{"line":26,"column":70}}]},"3":{"type":"branch","line":34,"loc":{"start":{"line":34,"column":43},"end":{"line":34,"column":71}},"locations":[{"start":{"line":34,"column":43},"end":{"line":34,"column":71}}]},"4":{"type":"branch","line":34,"loc":{"start":{"line":34,"column":66},"end":{"line":34,"column":74}},"locations":[{"start":{"line":34,"column":66},"end":{"line":34,"column":74}}]},"5":{"type":"branch","line":39,"loc":{"start":{"line":39,"column":28},"end":{"line":39,"column":60}},"locations":[{"start":{"line":39,"column":28},"end":{"line":39,"column":60}}]},"6":{"type":"branch","line":13,"loc":{"start":{"line":13,"column":21},"end":{"line":17,"column":4}},"locations":[{"start":{"line":13,"column":21},"end":{"line":17,"column":4}}]},"7":{"type":"branch","line":19,"loc":{"start":{"line":19,"column":21},"end":{"line":23,"column":4}},"locations":[{"start":{"line":19,"column":21},"end":{"line":23,"column":4}}]}},"b":{"0":[10],"1":[9],"2":[1],"3":[9],"4":[1],"5":[9],"6":[1],"7":[1]},"fnMap":{"0":{"name":"PaginationControls","decl":{"start":{"line":10,"column":0},"end":{"line":45,"column":1}},"loc":{"start":{"line":10,"column":0},"end":{"line":45,"column":1}},"line":10},"1":{"name":"handlePrev","decl":{"start":{"line":13,"column":21},"end":{"line":17,"column":4}},"loc":{"start":{"line":13,"column":21},"end":{"line":17,"column":4}},"line":13},"2":{"name":"handleNext","decl":{"start":{"line":19,"column":21},"end":{"line":23,"column":4}},"loc":{"start":{"line":19,"column":21},"end":{"line":23,"column":4}},"line":19}},"f":{"0":10,"1":1,"2":1}}
,"C:\\Users\\User\\Desktop\\class-components\\src\\components\\ResultsList\\ResultsList.tsx": {"path":"C:\\Users\\User\\Desktop\\class-components\\src\\components\\ResultsList\\ResultsList.tsx","all":false,"statementMap":{"1":{"start":{"line":2,"column":0},"end":{"line":2,"column":27}},"8":{"start":{"line":9,"column":0},"end":{"line":9,"column":85}},"9":{"start":{"line":10,"column":0},"end":{"line":10,"column":30}},"10":{"start":{"line":11,"column":0},"end":{"line":11,"column":63}},"11":{"start":{"line":12,"column":0},"end":{"line":12,"column":3}},"13":{"start":{"line":14,"column":0},"end":{"line":14,"column":10}},"14":{"start":{"line":15,"column":0},"end":{"line":15,"column":33}},"15":{"start":{"line":16,"column":0},"end":{"line":16,"column":34}},"16":{"start":{"line":17,"column":0},"end":{"line":17,"column":11}},"17":{"start":{"line":18,"column":0},"end":{"line":18,"column":26}},"18":{"start":{"line":19,"column":0},"end":{"line":19,"column":34}},"19":{"start":{"line":20,"column":0},"end":{"line":20,"column":56}},"21":{"start":{"line":22,"column":0},"end":{"line":22,"column":14}},"22":{"start":{"line":23,"column":0},"end":{"line":23,"column":61}},"23":{"start":{"line":24,"column":0},"end":{"line":24,"column":30}},"24":{"start":{"line":25,"column":0},"end":{"line":25,"column":37}},"25":{"start":{"line":26,"column":0},"end":{"line":26,"column":29}},"26":{"start":{"line":27,"column":0},"end":{"line":27,"column":85}},"27":{"start":{"line":28,"column":0},"end":{"line":28,"column":14}},"28":{"start":{"line":29,"column":0},"end":{"line":29,"column":12}},"29":{"start":{"line":30,"column":0},"end":{"line":30,"column":58}},"30":{"start":{"line":31,"column":0},"end":{"line":31,"column":41}},"31":{"start":{"line":32,"column":0},"end":{"line":32,"column":86}},"32":{"start":{"line":33,"column":0},"end":{"line":33,"column":16}},"33":{"start":{"line":34,"column":0},"end":{"line":34,"column":41}},"34":{"start":{"line":35,"column":0},"end":{"line":35,"column":61}},"35":{"start":{"line":36,"column":0},"end":{"line":36,"column":16}},"36":{"start":{"line":37,"column":0},"end":{"line":37,"column":13}},"37":{"start":{"line":38,"column":0},"end":{"line":38,"column":9}},"38":{"start":{"line":39,"column":0},"end":{"line":39,"column":9}},"40":{"start":{"line":41,"column":0},"end":{"line":41,"column":1}}},"s":{"1":1,"8":6,"9":6,"10":2,"11":2,"13":4,"14":4,"15":4,"16":8,"17":8,"18":8,"19":8,"21":8,"22":8,"23":8,"24":8,"25":8,"26":1,"27":1,"28":8,"29":8,"30":8,"31":8,"32":8,"33":8,"34":8,"35":8,"36":8,"37":4,"38":4,"40":4},"branchMap":{"0":{"type":"branch","line":9,"loc":{"start":{"line":9,"column":0},"end":{"line":41,"column":1}},"locations":[{"start":{"line":9,"column":0},"end":{"line":41,"column":1}}]},"1":{"type":"branch","line":10,"loc":{"start":{"line":10,"column":29},"end":{"line":12,"column":3}},"locations":[{"start":{"line":10,"column":29},"end":{"line":12,"column":3}}]},"2":{"type":"branch","line":12,"loc":{"start":{"line":12,"column":2},"end":{"line":41,"column":1}},"locations":[{"start":{"line":12,"column":2},"end":{"line":41,"column":1}}]},"3":{"type":"branch","line":16,"loc":{"start":{"line":16,"column":20},"end":{"line":37,"column":13}},"locations":[{"start":{"line":16,"column":20},"end":{"line":37,"column":13}}]},"4":{"type":"branch","line":23,"loc":{"start":{"line":23,"column":34},"end":{"line":23,"column":61}},"locations":[{"start":{"line":23,"column":34},"end":{"line":23,"column":61}}]},"5":{"type":"branch","line":26,"loc":{"start":{"line":26,"column":21},"end":{"line":28,"column":14}},"locations":[{"start":{"line":26,"column":21},"end":{"line":28,"column":14}}]},"6":{"type":"branch","line":32,"loc":{"start":{"line":32,"column":55},"end":{"line":32,"column":73}},"locations":[{"start":{"line":32,"column":55},"end":{"line":32,"column":73}}]}},"b":{"0":[6],"1":[2],"2":[4],"3":[8],"4":[4],"5":[1],"6":[12]},"fnMap":{"0":{"name":"ResultsList","decl":{"start":{"line":9,"column":0},"end":{"line":41,"column":1}},"loc":{"start":{"line":9,"column":0},"end":{"line":41,"column":1}},"line":9},"1":{"name":"onClick","decl":{"start":{"line":20,"column":19},"end":{"line":20,"column":56}},"loc":{"start":{"line":20,"column":19},"end":{"line":20,"column":56}},"line":20},"2":{"name":"onError","decl":{"start":{"line":26,"column":21},"end":{"line":28,"column":14}},"loc":{"start":{"line":26,"column":21},"end":{"line":28,"column":14}},"line":26}},"f":{"0":6,"1":0,"2":1}}
,"C:\\Users\\User\\Desktop\\class-components\\src\\components\\SearchButton\\SearchButton.tsx": {"path":"C:\\Users\\User\\Desktop\\class-components\\src\\components\\SearchButton\\SearchButton.tsx","all":false,"statementMap":{"6":{"start":{"line":7,"column":0},"end":{"line":7,"column":73}},"7":{"start":{"line":8,"column":0},"end":{"line":8,"column":10}},"8":{"start":{"line":9,"column":0},"end":{"line":9,"column":35}},"9":{"start":{"line":10,"column":0},"end":{"line":10,"column":50}},"10":{"start":{"line":11,"column":0},"end":{"line":11,"column":10}},"12":{"start":{"line":13,"column":0},"end":{"line":13,"column":2}}},"s":{"6":1,"7":10,"8":10,"9":10,"10":10,"12":10},"branchMap":{"0":{"type":"branch","line":7,"loc":{"start":{"line":7,"column":51},"end":{"line":13,"column":2}},"locations":[{"start":{"line":7,"column":51},"end":{"line":13,"column":2}}]}},"b":{"0":[10]},"fnMap":{"0":{"name":"SearchButton","decl":{"start":{"line":7,"column":51},"end":{"line":13,"column":2}},"loc":{"start":{"line":7,"column":51},"end":{"line":13,"column":2}},"line":7}},"f":{"0":10}}
,"C:\\Users\\User\\Desktop\\class-components\\src\\components\\SearchInput\\SearchInput.tsx": {"path":"C:\\Users\\User\\Desktop\\class-components\\src\\components\\SearchInput\\SearchInput.tsx","all":false,"statementMap":{"7":{"start":{"line":8,"column":0},"end":{"line":8,"column":88}},"8":{"start":{"line":9,"column":0},"end":{"line":9,"column":10}},"9":{"start":{"line":10,"column":0},"end":{"line":10,"column":34}},"10":{"start":{"line":11,"column":0},"end":{"line":11,"column":87}},"11":{"start":{"line":12,"column":0},"end":{"line":12,"column":10}},"13":{"start":{"line":14,"column":0},"end":{"line":14,"column":2}}},"s":{"7":1,"8":10,"9":10,"10":10,"11":10,"13":10},"branchMap":{"0":{"type":"branch","line":8,"loc":{"start":{"line":8,"column":49},"end":{"line":14,"column":2}},"locations":[{"start":{"line":8,"column":49},"end":{"line":14,"column":2}}]}},"b":{"0":[10]},"fnMap":{"0":{"name":"SearchInput","decl":{"start":{"line":8,"column":49},"end":{"line":14,"column":2}},"loc":{"start":{"line":8,"column":49},"end":{"line":14,"column":2}},"line":8}},"f":{"0":10}}
,"C:\\Users\\User\\Desktop\\class-components\\src\\hooks\\usePaginationForm.ts": {"path":"C:\\Users\\User\\Desktop\\class-components\\src\\hooks\\usePaginationForm.ts","all":false,"statementMap":{"0":{"start":{"line":1,"column":0},"end":{"line":1,"column":44}},"2":{"start":{"line":3,"column":0},"end":{"line":3,"column":40}},"3":{"start":{"line":4,"column":0},"end":{"line":4,"column":38}},"5":{"start":{"line":6,"column":0},"end":{"line":6,"column":19}},"6":{"start":{"line":7,"column":0},"end":{"line":7,"column":63}},"7":{"start":{"line":8,"column":0},"end":{"line":8,"column":54}},"8":{"start":{"line":9,"column":0},"end":{"line":9,"column":39}},"9":{"start":{"line":10,"column":0},"end":{"line":10,"column":9}},"11":{"start":{"line":12,"column":0},"end":{"line":12,"column":43}},"12":{"start":{"line":13,"column":0},"end":{"line":13,"column":63}},"13":{"start":{"line":14,"column":0},"end":{"line":14,"column":22}},"14":{"start":{"line":15,"column":0},"end":{"line":15,"column":45}},"15":{"start":{"line":16,"column":0},"end":{"line":16,"column":12}},"16":{"start":{"line":17,"column":0},"end":{"line":17,"column":28}},"17":{"start":{"line":18,"column":0},"end":{"line":18,"column":5}},"18":{"start":{"line":19,"column":0},"end":{"line":19,"column":81}},"19":{"start":{"line":20,"column":0},"end":{"line":20,"column":21}},"20":{"start":{"line":21,"column":0},"end":{"line":21,"column":4}},"22":{"start":{"line":23,"column":0},"end":{"line":23,"column":30}},"23":{"start":{"line":24,"column":0},"end":{"line":24,"column":1}}},"s":{"0":1,"2":1,"3":7,"5":7,"6":5,"7":5,"8":5,"9":7,"11":7,"12":1,"13":1,"14":1,"15":1,"16":0,"17":0,"18":1,"19":1,"20":1,"22":7,"23":7},"branchMap":{"0":{"type":"branch","line":3,"loc":{"start":{"line":3,"column":7},"end":{"line":24,"column":1}},"locations":[{"start":{"line":3,"column":7},"end":{"line":24,"column":1}}]},"1":{"type":"branch","line":6,"loc":{"start":{"line":6,"column":12},"end":{"line":10,"column":5}},"locations":[{"start":{"line":6,"column":12},"end":{"line":10,"column":5}}]},"2":{"type":"branch","line":8,"loc":{"start":{"line":8,"column":40},"end":{"line":8,"column":50}},"locations":[{"start":{"line":8,"column":40},"end":{"line":8,"column":50}}]},"3":{"type":"branch","line":9,"loc":{"start":{"line":9,"column":19},"end":{"line":9,"column":32}},"locations":[{"start":{"line":9,"column":19},"end":{"line":9,"column":32}}]},"4":{"type":"branch","line":9,"loc":{"start":{"line":9,"column":28},"end":{"line":9,"column":36}},"locations":[{"start":{"line":9,"column":28},"end":{"line":9,"column":36}}]},"5":{"type":"branch","line":9,"loc":{"start":{"line":9,"column":32},"end":{"line":9,"column":37}},"locations":[{"start":{"line":9,"column":32},"end":{"line":9,"column":37}}]},"6":{"type":"branch","line":12,"loc":{"start":{"line":12,"column":21},"end":{"line":21,"column":4}},"locations":[{"start":{"line":12,"column":21},"end":{"line":21,"column":4}}]},"7":{"type":"branch","line":16,"loc":{"start":{"line":16,"column":4},"end":{"line":18,"column":5}},"locations":[{"start":{"line":16,"column":4},"end":{"line":18,"column":5}}]}},"b":{"0":[7],"1":[5],"2":[2],"3":[4],"4":[2],"5":[3],"6":[1],"7":[0]},"fnMap":{"0":{"name":"usePaginationFromUrl","decl":{"start":{"line":3,"column":7},"end":{"line":24,"column":1}},"loc":{"start":{"line":3,"column":7},"end":{"line":24,"column":1}},"line":3},"1":{"name":"updatePage","decl":{"start":{"line":12,"column":21},"end":{"line":21,"column":4}},"loc":{"start":{"line":12,"column":21},"end":{"line":21,"column":4}},"line":12}},"f":{"0":7,"1":1}}
,"C:\\Users\\User\\Desktop\\class-components\\src\\hooks\\useSearchFromLocalStorage.ts": {"path":"C:\\Users\\User\\Desktop\\class-components\\src\\hooks\\useSearchFromLocalStorage.ts","all":false,"statementMap":{"0":{"start":{"line":1,"column":0},"end":{"line":1,"column":57}},"2":{"start":{"line":3,"column":0},"end":{"line":3,"column":49}},"4":{"start":{"line":5,"column":0},"end":{"line":5,"column":48}},"5":{"start":{"line":6,"column":0},"end":{"line":6,"column":62}},"6":{"start":{"line":7,"column":0},"end":{"line":7,"column":59}},"7":{"start":{"line":8,"column":0},"end":{"line":8,"column":23}},"8":{"start":{"line":9,"column":0},"end":{"line":9,"column":5}},"10":{"start":{"line":11,"column":0},"end":{"line":11,"column":19}},"11":{"start":{"line":12,"column":0},"end":{"line":12,"column":57}},"12":{"start":{"line":13,"column":0},"end":{"line":13,"column":19}},"14":{"start":{"line":15,"column":0},"end":{"line":15,"column":41}},"15":{"start":{"line":16,"column":0},"end":{"line":16,"column":53}},"16":{"start":{"line":17,"column":0},"end":{"line":17,"column":79}},"17":{"start":{"line":18,"column":0},"end":{"line":18,"column":57}},"18":{"start":{"line":19,"column":0},"end":{"line":19,"column":30}},"19":{"start":{"line":20,"column":0},"end":{"line":20,"column":22}},"20":{"start":{"line":21,"column":0},"end":{"line":21,"column":6}},"21":{"start":{"line":22,"column":0},"end":{"line":22,"column":16}},"22":{"start":{"line":23,"column":0},"end":{"line":23,"column":4}},"24":{"start":{"line":25,"column":0},"end":{"line":25,"column":51}},"25":{"start":{"line":26,"column":0},"end":{"line":26,"column":2}}},"s":{"0":1,"2":1,"4":1,"5":8,"6":2,"7":2,"8":8,"10":8,"11":2,"12":8,"14":8,"15":8,"16":0,"17":0,"18":0,"19":0,"20":0,"21":8,"22":8,"24":8,"25":8},"branchMap":{"0":{"type":"branch","line":5,"loc":{"start":{"line":5,"column":41},"end":{"line":26,"column":2}},"locations":[{"start":{"line":5,"column":41},"end":{"line":26,"column":2}}]},"1":{"type":"branch","line":6,"loc":{"start":{"line":6,"column":55},"end":{"line":9,"column":3}},"locations":[{"start":{"line":6,"column":55},"end":{"line":9,"column":3}}]},"2":{"type":"branch","line":8,"loc":{"start":{"line":8,"column":11},"end":{"line":8,"column":23}},"locations":[{"start":{"line":8,"column":11},"end":{"line":8,"column":23}}]},"3":{"type":"branch","line":11,"loc":{"start":{"line":11,"column":12},"end":{"line":13,"column":5}},"locations":[{"start":{"line":11,"column":12},"end":{"line":13,"column":5}}]}},"b":{"0":[8],"1":[2],"2":[1],"3":[2]},"fnMap":{"0":{"name":"useSearchFromLocalStorage","decl":{"start":{"line":5,"column":41},"end":{"line":26,"column":2}},"loc":{"start":{"line":5,"column":41},"end":{"line":26,"column":2}},"line":5}},"f":{"0":8}}
,"C:\\Users\\User\\Desktop\\class-components\\src\\pages\\About.tsx": {"path":"C:\\Users\\User\\Desktop\\class-components\\src\\pages\\About.tsx","all":false,"statementMap":{"0":{"start":{"line":1,"column":0},"end":{"line":1,"column":22}},"1":{"start":{"line":2,"column":0},"end":{"line":2,"column":40}},"3":{"start":{"line":4,"column":0},"end":{"line":4,"column":33}},"4":{"start":{"line":5,"column":0},"end":{"line":5,"column":10}},"5":{"start":{"line":6,"column":0},"end":{"line":6,"column":32}},"6":{"start":{"line":7,"column":0},"end":{"line":7,"column":20}},"7":{"start":{"line":8,"column":0},"end":{"line":8,"column":9}},"8":{"start":{"line":9,"column":0},"end":{"line":9,"column":76}},"9":{"start":{"line":10,"column":0},"end":{"line":10,"column":10}},"10":{"start":{"line":11,"column":0},"end":{"line":11,"column":9}},"11":{"start":{"line":12,"column":0},"end":{"line":12,"column":76}},"13":{"start":{"line":14,"column":0},"end":{"line":14,"column":12}},"14":{"start":{"line":15,"column":0},"end":{"line":15,"column":10}},"15":{"start":{"line":16,"column":0},"end":{"line":16,"column":47}},"17":{"start":{"line":18,"column":0},"end":{"line":18,"column":13}},"18":{"start":{"line":19,"column":0},"end":{"line":19,"column":10}},"20":{"start":{"line":21,"column":0},"end":{"line":21,"column":1}}},"s":{"0":1,"1":1,"3":1,"4":1,"5":1,"6":1,"7":1,"8":1,"9":1,"10":1,"11":1,"13":1,"14":1,"15":1,"17":1,"18":1,"20":1},"branchMap":{"0":{"type":"branch","line":4,"loc":{"start":{"line":4,"column":0},"end":{"line":21,"column":1}},"locations":[{"start":{"line":4,"column":0},"end":{"line":21,"column":1}}]}},"b":{"0":[1]},"fnMap":{"0":{"name":"About","decl":{"start":{"line":4,"column":0},"end":{"line":21,"column":1}},"loc":{"start":{"line":4,"column":0},"end":{"line":21,"column":1}},"line":4}},"f":{"0":1}}
,"C:\\Users\\User\\Desktop\\class-components\\src\\pages\\Home.tsx": {"path":"C:\\Users\\User\\Desktop\\class-components\\src\\pages\\Home.tsx","all":false,"statementMap":{"0":{"start":{"line":1,"column":0},"end":{"line":1,"column":21}},"1":{"start":{"line":2,"column":0},"end":{"line":2,"column":42}},"2":{"start":{"line":3,"column":0},"end":{"line":3,"column":44}},"4":{"start":{"line":5,"column":0},"end":{"line":5,"column":32}},"5":{"start":{"line":6,"column":0},"end":{"line":6,"column":10}},"6":{"start":{"line":7,"column":0},"end":{"line":7,"column":33}},"7":{"start":{"line":8,"column":0},"end":{"line":8,"column":14}},"8":{"start":{"line":9,"column":0},"end":{"line":9,"column":16}},"9":{"start":{"line":10,"column":0},"end":{"line":10,"column":10}},"11":{"start":{"line":12,"column":0},"end":{"line":12,"column":1}}},"s":{"0":1,"1":1,"2":1,"4":2,"5":2,"6":2,"7":2,"8":2,"9":2,"11":2},"branchMap":{"0":{"type":"branch","line":5,"loc":{"start":{"line":5,"column":0},"end":{"line":12,"column":1}},"locations":[{"start":{"line":5,"column":0},"end":{"line":12,"column":1}}]}},"b":{"0":[2]},"fnMap":{"0":{"name":"Home","decl":{"start":{"line":5,"column":0},"end":{"line":12,"column":1}},"loc":{"start":{"line":5,"column":0},"end":{"line":12,"column":1}},"line":5}},"f":{"0":2}}
,"C:\\Users\\User\\Desktop\\class-components\\src\\pages\\NotFound.tsx": {"path":"C:\\Users\\User\\Desktop\\class-components\\src\\pages\\NotFound.tsx","all":false,"statementMap":{"0":{"start":{"line":1,"column":0},"end":{"line":1,"column":40}},"1":{"start":{"line":2,"column":0},"end":{"line":2,"column":25}},"3":{"start":{"line":4,"column":0},"end":{"line":4,"column":36}},"4":{"start":{"line":5,"column":0},"end":{"line":5,"column":10}},"5":{"start":{"line":6,"column":0},"end":{"line":6,"column":36}},"6":{"start":{"line":7,"column":0},"end":{"line":7,"column":30}},"7":{"start":{"line":8,"column":0},"end":{"line":8,"column":56}},"8":{"start":{"line":9,"column":0},"end":{"line":9,"column":41}},"10":{"start":{"line":11,"column":0},"end":{"line":11,"column":13}},"11":{"start":{"line":12,"column":0},"end":{"line":12,"column":10}},"13":{"start":{"line":14,"column":0},"end":{"line":14,"column":1}}},"s":{"0":1,"1":1,"3":1,"4":1,"5":1,"6":1,"7":1,"8":1,"10":1,"11":1,"13":1},"branchMap":{"0":{"type":"branch","line":4,"loc":{"start":{"line":4,"column":0},"end":{"line":14,"column":1}},"locations":[{"start":{"line":4,"column":0},"end":{"line":14,"column":1}}]}},"b":{"0":[1]},"fnMap":{"0":{"name":"NotFound","decl":{"start":{"line":4,"column":0},"end":{"line":14,"column":1}},"loc":{"start":{"line":4,"column":0},"end":{"line":14,"column":1}},"line":4}},"f":{"0":1}}
,"C:\\Users\\User\\Desktop\\class-components\\src\\pages\\PokemonDetails.tsx": {"path":"C:\\Users\\User\\Desktop\\class-components\\src\\pages\\PokemonDetails.tsx","all":false,"statementMap":{"0":{"start":{"line":1,"column":0},"end":{"line":1,"column":31}},"1":{"start":{"line":2,"column":0},"end":{"line":2,"column":44}},"2":{"start":{"line":3,"column":0},"end":{"line":3,"column":58}},"5":{"start":{"line":6,"column":0},"end":{"line":6,"column":42}},"6":{"start":{"line":7,"column":0},"end":{"line":7,"column":49}},"7":{"start":{"line":8,"column":0},"end":{"line":8,"column":33}},"8":{"start":{"line":9,"column":0},"end":{"line":9,"column":63}},"9":{"start":{"line":10,"column":0},"end":{"line":10,"column":47}},"10":{"start":{"line":11,"column":0},"end":{"line":11,"column":58}},"12":{"start":{"line":13,"column":0},"end":{"line":13,"column":40}},"14":{"start":{"line":15,"column":0},"end":{"line":15,"column":19}},"15":{"start":{"line":16,"column":0},"end":{"line":16,"column":22}},"17":{"start":{"line":18,"column":0},"end":{"line":18,"column":21}},"18":{"start":{"line":19,"column":0},"end":{"line":19,"column":19}},"19":{"start":{"line":20,"column":0},"end":{"line":20,"column":21}},"21":{"start":{"line":22,"column":0},"end":{"line":22,"column":68}},"22":{"start":{"line":23,"column":0},"end":{"line":23,"column":22}},"23":{"start":{"line":24,"column":0},"end":{"line":24,"column":58}},"24":{"start":{"line":25,"column":0},"end":{"line":25,"column":26}},"25":{"start":{"line":26,"column":0},"end":{"line":26,"column":8}},"26":{"start":{"line":27,"column":0},"end":{"line":27,"column":32}},"27":{"start":{"line":28,"column":0},"end":{"line":28,"column":25}},"28":{"start":{"line":29,"column":0},"end":{"line":29,"column":26}},"29":{"start":{"line":30,"column":0},"end":{"line":30,"column":8}},"30":{"start":{"line":31,"column":0},"end":{"line":31,"column":32}},"31":{"start":{"line":32,"column":0},"end":{"line":32,"column":55}},"32":{"start":{"line":33,"column":0},"end":{"line":33,"column":41}},"33":{"start":{"line":34,"column":0},"end":{"line":34,"column":26}},"34":{"start":{"line":35,"column":0},"end":{"line":35,"column":9}},"35":{"start":{"line":36,"column":0},"end":{"line":36,"column":13}},"37":{"start":{"line":38,"column":0},"end":{"line":38,"column":10}},"38":{"start":{"line":39,"column":0},"end":{"line":39,"column":51}},"39":{"start":{"line":40,"column":0},"end":{"line":40,"column":76}},"40":{"start":{"line":41,"column":0},"end":{"line":41,"column":71}},"42":{"start":{"line":43,"column":0},"end":{"line":43,"column":17}},"44":{"start":{"line":45,"column":0},"end":{"line":45,"column":18}},"45":{"start":{"line":46,"column":0},"end":{"line":46,"column":31}},"46":{"start":{"line":47,"column":0},"end":{"line":47,"column":23}},"47":{"start":{"line":48,"column":0},"end":{"line":48,"column":27}},"48":{"start":{"line":49,"column":0},"end":{"line":49,"column":23}},"49":{"start":{"line":50,"column":0},"end":{"line":50,"column":15}},"50":{"start":{"line":51,"column":0},"end":{"line":51,"column":16}},"51":{"start":{"line":52,"column":0},"end":{"line":52,"column":63}},"52":{"start":{"line":53,"column":0},"end":{"line":53,"column":32}},"53":{"start":{"line":54,"column":0},"end":{"line":54,"column":39}},"54":{"start":{"line":55,"column":0},"end":{"line":55,"column":31}},"55":{"start":{"line":56,"column":0},"end":{"line":56,"column":87}},"56":{"start":{"line":57,"column":0},"end":{"line":57,"column":16}},"57":{"start":{"line":58,"column":0},"end":{"line":58,"column":14}},"58":{"start":{"line":59,"column":0},"end":{"line":59,"column":60}},"59":{"start":{"line":60,"column":0},"end":{"line":60,"column":42}},"60":{"start":{"line":61,"column":0},"end":{"line":61,"column":87}},"61":{"start":{"line":62,"column":0},"end":{"line":62,"column":18}},"62":{"start":{"line":63,"column":0},"end":{"line":63,"column":42}},"63":{"start":{"line":64,"column":0},"end":{"line":64,"column":63}},"64":{"start":{"line":65,"column":0},"end":{"line":65,"column":18}},"65":{"start":{"line":66,"column":0},"end":{"line":66,"column":42}},"66":{"start":{"line":67,"column":0},"end":{"line":67,"column":55}},"67":{"start":{"line":68,"column":0},"end":{"line":68,"column":18}},"68":{"start":{"line":69,"column":0},"end":{"line":69,"column":42}},"69":{"start":{"line":70,"column":0},"end":{"line":70,"column":55}},"70":{"start":{"line":71,"column":0},"end":{"line":71,"column":18}},"71":{"start":{"line":72,"column":0},"end":{"line":72,"column":16}},"72":{"start":{"line":73,"column":0},"end":{"line":73,"column":17}},"73":{"start":{"line":74,"column":0},"end":{"line":74,"column":12}},"74":{"start":{"line":75,"column":0},"end":{"line":75,"column":10}},"76":{"start":{"line":77,"column":0},"end":{"line":77,"column":1}}},"s":{"0":1,"1":1,"2":1,"5":15,"6":15,"7":15,"8":15,"9":15,"10":15,"12":15,"14":15,"15":8,"17":8,"18":8,"19":8,"21":8,"22":8,"23":7,"24":6,"25":8,"26":8,"27":6,"28":6,"29":8,"30":8,"31":2,"32":2,"33":2,"34":8,"35":15,"37":15,"38":15,"39":15,"40":15,"42":15,"44":15,"45":2,"46":13,"47":8,"48":5,"49":5,"50":5,"51":5,"52":5,"53":5,"54":5,"55":1,"56":1,"57":5,"58":5,"59":5,"60":5,"61":5,"62":5,"63":5,"64":5,"65":5,"66":5,"67":5,"68":5,"69":5,"70":5,"71":5,"72":0,"73":15,"74":15,"76":15},"branchMap":{"0":{"type":"branch","line":6,"loc":{"start":{"line":6,"column":0},"end":{"line":77,"column":1}},"locations":[{"start":{"line":6,"column":0},"end":{"line":77,"column":1}}]},"1":{"type":"branch","line":45,"loc":{"start":{"line":45,"column":9},"end":{"line":46,"column":31}},"locations":[{"start":{"line":45,"column":9},"end":{"line":46,"column":31}}]},"2":{"type":"branch","line":46,"loc":{"start":{"line":46,"column":27},"end":{"line":73,"column":17}},"locations":[{"start":{"line":46,"column":27},"end":{"line":73,"column":17}}]},"3":{"type":"branch","line":47,"loc":{"start":{"line":47,"column":12},"end":{"line":48,"column":27}},"locations":[{"start":{"line":47,"column":12},"end":{"line":48,"column":27}}]},"4":{"type":"branch","line":48,"loc":{"start":{"line":48,"column":23},"end":{"line":73,"column":17}},"locations":[{"start":{"line":48,"column":23},"end":{"line":73,"column":17}}]},"5":{"type":"branch","line":52,"loc":{"start":{"line":52,"column":36},"end":{"line":52,"column":63}},"locations":[{"start":{"line":52,"column":36},"end":{"line":52,"column":63}}]},"6":{"type":"branch","line":72,"loc":{"start":{"line":72,"column":10},"end":{"line":73,"column":17}},"locations":[{"start":{"line":72,"column":10},"end":{"line":73,"column":17}}]},"7":{"type":"branch","line":13,"loc":{"start":{"line":13,"column":16},"end":{"line":13,"column":40}},"locations":[{"start":{"line":13,"column":16},"end":{"line":13,"column":40}}]},"8":{"type":"branch","line":15,"loc":{"start":{"line":15,"column":12},"end":{"line":36,"column":5}},"locations":[{"start":{"line":15,"column":12},"end":{"line":36,"column":5}}]},"9":{"type":"branch","line":16,"loc":{"start":{"line":16,"column":15},"end":{"line":16,"column":22}},"locations":[{"start":{"line":16,"column":15},"end":{"line":16,"column":22}}]},"10":{"type":"branch","line":23,"loc":{"start":{"line":23,"column":12},"end":{"line":26,"column":7}},"locations":[{"start":{"line":23,"column":12},"end":{"line":26,"column":7}}]},"11":{"type":"branch","line":24,"loc":{"start":{"line":24,"column":21},"end":{"line":24,"column":58}},"locations":[{"start":{"line":24,"column":21},"end":{"line":24,"column":58}}]},"12":{"type":"branch","line":24,"loc":{"start":{"line":24,"column":56},"end":{"line":25,"column":26}},"locations":[{"start":{"line":24,"column":56},"end":{"line":25,"column":26}}]},"13":{"type":"branch","line":27,"loc":{"start":{"line":27,"column":12},"end":{"line":30,"column":7}},"locations":[{"start":{"line":27,"column":12},"end":{"line":30,"column":7}}]},"14":{"type":"branch","line":31,"loc":{"start":{"line":31,"column":13},"end":{"line":35,"column":7}},"locations":[{"start":{"line":31,"column":13},"end":{"line":35,"column":7}}]},"15":{"type":"branch","line":40,"loc":{"start":{"line":40,"column":48},"end":{"line":40,"column":76}},"locations":[{"start":{"line":40,"column":48},"end":{"line":40,"column":76}}]},"16":{"type":"branch","line":55,"loc":{"start":{"line":55,"column":23},"end":{"line":57,"column":16}},"locations":[{"start":{"line":55,"column":23},"end":{"line":57,"column":16}}]},"17":{"type":"branch","line":61,"loc":{"start":{"line":61,"column":56},"end":{"line":61,"column":74}},"locations":[{"start":{"line":61,"column":56},"end":{"line":61,"column":74}}]}},"b":{"0":[15],"1":[2],"2":[13],"3":[8],"4":[5],"5":[0],"6":[0],"7":[2],"8":[8],"9":[0],"10":[7],"11":[1],"12":[6],"13":[6],"14":[2],"15":[2],"16":[1],"17":[5]},"fnMap":{"0":{"name":"PokemonDetails","decl":{"start":{"line":6,"column":0},"end":{"line":77,"column":1}},"loc":{"start":{"line":6,"column":0},"end":{"line":77,"column":1}},"line":6},"1":{"name":"close","decl":{"start":{"line":13,"column":16},"end":{"line":13,"column":40}},"loc":{"start":{"line":13,"column":16},"end":{"line":13,"column":40}},"line":13},"2":{"name":"onClick","decl":{"start":{"line":40,"column":48},"end":{"line":40,"column":76}},"loc":{"start":{"line":40,"column":48},"end":{"line":40,"column":76}},"line":40},"3":{"name":"onError","decl":{"start":{"line":55,"column":23},"end":{"line":57,"column":16}},"loc":{"start":{"line":55,"column":23},"end":{"line":57,"column":16}},"line":55}},"f":{"0":15,"1":2,"2":2,"3":1}}
,"C:\\Users\\User\\Desktop\\class-components\\src\\routes\\AppRouter.tsx": {"path":"C:\\Users\\User\\Desktop\\class-components\\src\\routes\\AppRouter.tsx","all":false,"statementMap":{"0":{"start":{"line":1,"column":0},"end":{"line":1,"column":55}},"1":{"start":{"line":2,"column":0},"end":{"line":2,"column":33}},"2":{"start":{"line":3,"column":0},"end":{"line":3,"column":53}},"3":{"start":{"line":4,"column":0},"end":{"line":4,"column":35}},"4":{"start":{"line":5,"column":0},"end":{"line":5,"column":41}},"6":{"start":{"line":7,"column":0},"end":{"line":7,"column":43}},"7":{"start":{"line":8,"column":0},"end":{"line":8,"column":3}},"8":{"start":{"line":9,"column":0},"end":{"line":9,"column":14}},"9":{"start":{"line":10,"column":0},"end":{"line":10,"column":15}},"10":{"start":{"line":11,"column":0},"end":{"line":11,"column":7}},"11":{"start":{"line":12,"column":0},"end":{"line":12,"column":20}},"12":{"start":{"line":13,"column":0},"end":{"line":13,"column":26}},"13":{"start":{"line":14,"column":0},"end":{"line":14,"column":8}},"14":{"start":{"line":15,"column":0},"end":{"line":15,"column":7}},"15":{"start":{"line":16,"column":0},"end":{"line":16,"column":27}},"16":{"start":{"line":17,"column":0},"end":{"line":17,"column":26}},"17":{"start":{"line":18,"column":0},"end":{"line":18,"column":19}},"18":{"start":{"line":19,"column":0},"end":{"line":19,"column":11}},"19":{"start":{"line":20,"column":0},"end":{"line":20,"column":34}},"20":{"start":{"line":21,"column":0},"end":{"line":21,"column":40}},"21":{"start":{"line":22,"column":0},"end":{"line":22,"column":12}},"22":{"start":{"line":23,"column":0},"end":{"line":23,"column":10}},"23":{"start":{"line":24,"column":0},"end":{"line":24,"column":8}},"24":{"start":{"line":25,"column":0},"end":{"line":25,"column":6}},"25":{"start":{"line":26,"column":0},"end":{"line":26,"column":4}},"26":{"start":{"line":27,"column":0},"end":{"line":27,"column":3}},"27":{"start":{"line":28,"column":0},"end":{"line":28,"column":19}},"28":{"start":{"line":29,"column":0},"end":{"line":29,"column":23}},"29":{"start":{"line":30,"column":0},"end":{"line":30,"column":4}},"30":{"start":{"line":31,"column":0},"end":{"line":31,"column":3}},"31":{"start":{"line":32,"column":0},"end":{"line":32,"column":14}},"32":{"start":{"line":33,"column":0},"end":{"line":33,"column":26}},"33":{"start":{"line":34,"column":0},"end":{"line":34,"column":4}},"34":{"start":{"line":35,"column":0},"end":{"line":35,"column":3}}},"s":{"0":1,"1":1,"2":1,"3":1,"4":1,"6":1,"7":1,"8":1,"9":1,"10":1,"11":1,"12":1,"13":1,"14":1,"15":1,"16":1,"17":1,"18":1,"19":1,"20":1,"21":1,"22":1,"23":1,"24":1,"25":1,"26":1,"27":1,"28":1,"29":1,"30":1,"31":1,"32":1,"33":1,"34":1},"branchMap":{},"b":{},"fnMap":{},"f":{}}
,"C:\\Users\\User\\Desktop\\class-components\\src\\types\\PokemonTypes.ts": {"path":"C:\\Users\\User\\Desktop\\class-components\\src\\types\\PokemonTypes.ts","all":true,"statementMap":{},"s":{},"branchMap":{"0":{"type":"branch","line":1,"loc":{"start":{"line":1,"column":2258},"end":{"line":103,"column":1}},"locations":[{"start":{"line":1,"column":2258},"end":{"line":103,"column":1}}]}},"b":{"0":[1]},"fnMap":{"0":{"name":"(empty-report)","decl":{"start":{"line":1,"column":2258},"end":{"line":103,"column":1}},"loc":{"start":{"line":1,"column":2258},"end":{"line":103,"column":1}},"line":1}},"f":{"0":1}}
,"C:\\Users\\User\\Desktop\\class-components\\src\\utils\\test-utils.tsx": {"path":"C:\\Users\\User\\Desktop\\class-components\\src\\utils\\test-utils.tsx","all":true,"statementMap":{"0":{"start":{"line":1,"column":0},"end":{"line":1,"column":48}},"2":{"start":{"line":3,"column":0},"end":{"line":3,"column":50}},"3":{"start":{"line":4,"column":0},"end":{"line":4,"column":45}},"5":{"start":{"line":6,"column":0},"end":{"line":6,"column":99}},"6":{"start":{"line":7,"column":0},"end":{"line":7,"column":59}},"7":{"start":{"line":8,"column":0},"end":{"line":8,"column":47}},"8":{"start":{"line":9,"column":0},"end":{"line":9,"column":5}},"9":{"start":{"line":10,"column":0},"end":{"line":10,"column":2}}},"s":{"0":0,"2":0,"3":0,"5":0,"6":0,"7":0,"8":0,"9":0},"branchMap":{"0":{"type":"branch","line":1,"loc":{"start":{"line":1,"column":410},"end":{"line":10,"column":2}},"locations":[{"start":{"line":1,"column":410},"end":{"line":10,"column":2}}]}},"b":{"0":[0]},"fnMap":{"0":{"name":"(empty-report)","decl":{"start":{"line":1,"column":410},"end":{"line":10,"column":2}},"loc":{"start":{"line":1,"column":410},"end":{"line":10,"column":2}},"line":1}},"f":{"0":0}}
}
